sungoimkit2/app/build/outputs/logs/manifest-merger-debug-report.txt
-- Merging decision tree log ---
manifest
ADDED from src/main/AndroidManifest.xml:2:1-182:12
INJECTED from src/main/AndroidManifest.xml:2:1-182:12
INJECTED from src/main/AndroidManifest.xml:2:1-182:12
INJECTED from src/main/AndroidManifest.xml:2:1-182:12
INJECTED from src/main/AndroidManifest.xml:2:1-182:12
INJECTED from src/main/AndroidManifest.xml:2:1-182:12
INJECTED from src/main/AndroidManifest.xml:2:1-182:12
	package
		ADDED from src/main/AndroidManifest.xml:3:5-28
		INJECTED from src/main/AndroidManifest.xml
		INJECTED from src/main/AndroidManifest.xml
	android:versionName
		INJECTED from src/main/AndroidManifest.xml
		ADDED from src/main/AndroidManifest.xml:2:1-182:12
		INJECTED from src/main/AndroidManifest.xml
	android:versionCode
		INJECTED from src/main/AndroidManifest.xml
		ADDED from src/main/AndroidManifest.xml:2:1-182:12
		INJECTED from src/main/AndroidManifest.xml
	xmlns:android
		ADDED from src/main/AndroidManifest.xml:2:11-69
uses-permission#android.permission.READ_EXTERNAL_STORAGE
ADDED from src/main/AndroidManifest.xml:5:5-80
	android:name
		ADDED from src/main/AndroidManifest.xml:5:22-77
uses-permission#android.permission.WRITE_EXTERNAL_STORAGE
ADDED from src/main/AndroidManifest.xml:6:5-81
	android:name
		ADDED from src/main/AndroidManifest.xml:6:22-78
uses-permission#android.permission.INTERNET
ADDED from src/main/AndroidManifest.xml:7:5-67
	android:name
		ADDED from src/main/AndroidManifest.xml:7:22-64
uses-permission#android.permission.ACCESS_NETWORK_STATE
ADDED from src/main/AndroidManifest.xml:8:5-79
	android:name
		ADDED from src/main/AndroidManifest.xml:8:22-76
uses-permission#android.permission.ACCESS_COARSE_LOCATION
ADDED from src/main/AndroidManifest.xml:9:5-81
	android:name
		ADDED from src/main/AndroidManifest.xml:9:22-78
uses-permission#android.permission.ACCESS_WIFI_STATE
ADDED from src/main/AndroidManifest.xml:10:5-76
	android:name
		ADDED from src/main/AndroidManifest.xml:10:22-73
uses-permission#android.permission.READ_PHONE_STATE
ADDED from src/main/AndroidManifest.xml:12:5-75
	android:name
		ADDED from src/main/AndroidManifest.xml:12:22-72
uses-permission#android.permission.RECORD_AUDIO
ADDED from src/main/AndroidManifest.xml:15:5-71
	android:name
		ADDED from src/main/AndroidManifest.xml:15:22-68
uses-permission#android.permission.GET_TASKS
ADDED from src/main/AndroidManifest.xml:16:5-68
	android:name
		ADDED from src/main/AndroidManifest.xml:16:22-65
uses-permission#android.permission.WAKE_LOCK
ADDED from src/main/AndroidManifest.xml:17:5-68
	android:name
		ADDED from src/main/AndroidManifest.xml:17:22-65
uses-permission#android.permission.MODIFY_AUDIO_SETTINGS
ADDED from src/main/AndroidManifest.xml:18:5-80
	android:name
		ADDED from src/main/AndroidManifest.xml:18:22-77
uses-permission#android.permission.VIBRATE
ADDED from src/main/AndroidManifest.xml:19:5-66
	android:name
		ADDED from src/main/AndroidManifest.xml:19:22-63
uses-permission#android.permission.CAMERA
ADDED from src/main/AndroidManifest.xml:20:5-65
	android:name
		ADDED from src/main/AndroidManifest.xml:20:22-62
uses-permission#android.permission.WRITE_SETTINGS
ADDED from src/main/AndroidManifest.xml:21:5-73
	android:name
		ADDED from src/main/AndroidManifest.xml:21:22-70
uses-permission#android.permission.INTERACT_ACROSS_USERS_FULL
ADDED from src/main/AndroidManifest.xml:23:5-85
	android:name
		ADDED from src/main/AndroidManifest.xml:23:22-82
uses-permission#android.permission.PROCESS_OUTGOING_CALLS
ADDED from src/main/AndroidManifest.xml:24:5-81
	android:name
		ADDED from src/main/AndroidManifest.xml:24:22-78
uses-permission#android.permission.SYSTEM_ALERT_WINDOW
ADDED from src/main/AndroidManifest.xml:25:5-78
	android:name
		ADDED from src/main/AndroidManifest.xml:25:22-75
uses-permission#android.permission.CHANGE_WIFI_STATE
ADDED from src/main/AndroidManifest.xml:26:5-76
	android:name
		ADDED from src/main/AndroidManifest.xml:26:22-73
uses-permission#android.permission.ACCESS_FINE_LOCATION
ADDED from src/main/AndroidManifest.xml:39:5-79
	android:name
		ADDED from src/main/AndroidManifest.xml:39:22-76
uses-permission#android.permission.RECEIVE_BOOT_COMPLETED
ADDED from src/main/AndroidManifest.xml:40:5-81
	android:name
		ADDED from src/main/AndroidManifest.xml:40:22-78
application
ADDED from src/main/AndroidManifest.xml:42:5-180:19
activity#io.rong.imkit.plugin.location.AMapLocationActivity
ADDED from src/main/AndroidManifest.xml:44:9-46:52
	android:screenOrientation
		ADDED from src/main/AndroidManifest.xml:46:13-49
	android:name
		ADDED from src/main/AndroidManifest.xml:45:13-78
activity#io.rong.imkit.plugin.location.AMapPreviewActivity
ADDED from src/main/AndroidManifest.xml:48:9-86
	android:name
		ADDED from src/main/AndroidManifest.xml:48:19-83
activity#io.rong.imkit.plugin.location.AMapRealTimeActivity
ADDED from src/main/AndroidManifest.xml:50:9-87
	android:name
		ADDED from src/main/AndroidManifest.xml:50:19-84
activity#io.rong.imkit.plugin.location.SearchLocationActivity
ADDED from src/main/AndroidManifest.xml:52:9-55:71
	android:screenOrientation
		ADDED from src/main/AndroidManifest.xml:54:13-49
	android:windowSoftInputMode
		ADDED from src/main/AndroidManifest.xml:55:13-68
	android:name
		ADDED from src/main/AndroidManifest.xml:53:13-80
activity#io.rong.imkit.plugin.image.PictureSelectorActivity
ADDED from src/main/AndroidManifest.xml:57:9-59:52
	android:screenOrientation
		ADDED from src/main/AndroidManifest.xml:59:13-49
	android:name
		ADDED from src/main/AndroidManifest.xml:58:13-78
activity#io.rong.imkit.plugin.image.PicturePreviewActivity
ADDED from src/main/AndroidManifest.xml:61:9-63:52
	android:screenOrientation
		ADDED from src/main/AndroidManifest.xml:63:13-49
	android:name
		ADDED from src/main/AndroidManifest.xml:62:13-77
activity#io.rong.imkit.tools.RongWebviewActivity
ADDED from src/main/AndroidManifest.xml:66:9-73:20
	android:screenOrientation
		ADDED from src/main/AndroidManifest.xml:68:13-49
	android:name
		ADDED from src/main/AndroidManifest.xml:67:13-67
intent-filter#android.intent.category.DEFAULT+io.rong.imkit.intent.action.webview
ADDED from src/main/AndroidManifest.xml:69:13-72:29
action#io.rong.imkit.intent.action.webview
ADDED from src/main/AndroidManifest.xml:70:17-78
	android:name
		ADDED from src/main/AndroidManifest.xml:70:25-75
category#android.intent.category.DEFAULT
ADDED from src/main/AndroidManifest.xml:71:17-76
	android:name
		ADDED from src/main/AndroidManifest.xml:71:27-73
activity#io.rong.imkit.widget.provider.TakingPicturesActivity
ADDED from src/main/AndroidManifest.xml:75:9-78:52
	android:screenOrientation
		ADDED from src/main/AndroidManifest.xml:78:13-49
	android:configChanges
		ADDED from src/main/AndroidManifest.xml:77:13-63
	android:name
		ADDED from src/main/AndroidManifest.xml:76:13-80
activity#io.rong.imkit.activity.PicturePagerActivity
ADDED from src/main/AndroidManifest.xml:80:9-87:20
	android:theme
		ADDED from src/main/AndroidManifest.xml:82:13-71
	android:name
		ADDED from src/main/AndroidManifest.xml:81:13-71
intent-filter#android.intent.category.DEFAULT+io.rong.imkit.intent.action.picturepagerview
ADDED from src/main/AndroidManifest.xml:83:13-86:29
action#io.rong.imkit.intent.action.picturepagerview
ADDED from src/main/AndroidManifest.xml:84:17-87
	android:name
		ADDED from src/main/AndroidManifest.xml:84:25-84
activity#io.rong.imkit.mention.MemberMentionedActivity
ADDED from src/main/AndroidManifest.xml:89:9-92:67
	android:windowSoftInputMode
		ADDED from src/main/AndroidManifest.xml:92:13-64
	android:configChanges
		ADDED from src/main/AndroidManifest.xml:91:13-63
	android:name
		ADDED from src/main/AndroidManifest.xml:90:13-73
activity#io.rong.imkit.activity.FileManagerActivity
ADDED from src/main/AndroidManifest.xml:93:9-79
	android:name
		ADDED from src/main/AndroidManifest.xml:93:19-76
activity#io.rong.imkit.activity.FileListActivity
ADDED from src/main/AndroidManifest.xml:94:9-76
	android:name
		ADDED from src/main/AndroidManifest.xml:94:19-73
activity#io.rong.imkit.activity.FilePreviewActivity
ADDED from src/main/AndroidManifest.xml:95:9-102:20
	android:screenOrientation
		ADDED from src/main/AndroidManifest.xml:97:13-49
	android:name
		ADDED from src/main/AndroidManifest.xml:96:13-70
intent-filter#android.intent.category.DEFAULT+io.rong.imkit.intent.action.openfile
ADDED from src/main/AndroidManifest.xml:98:13-101:29
action#io.rong.imkit.intent.action.openfile
ADDED from src/main/AndroidManifest.xml:99:17-79
	android:name
		ADDED from src/main/AndroidManifest.xml:99:25-76
activity#io.rong.imkit.activity.CSLeaveMessageActivity
ADDED from src/main/AndroidManifest.xml:104:9-107:52
	android:screenOrientation
		ADDED from src/main/AndroidManifest.xml:107:13-49
	android:configChanges
		ADDED from src/main/AndroidManifest.xml:106:13-63
	android:name
		ADDED from src/main/AndroidManifest.xml:105:13-60
meta-data#RONG_CLOUD_APP_KEY
ADDED from src/main/AndroidManifest.xml:123:9-125:45
	android:value
		ADDED from src/main/AndroidManifest.xml:125:13-42
	android:name
		ADDED from src/main/AndroidManifest.xml:124:13-46
service#io.rong.imlib.ipc.RongService
ADDED from src/main/AndroidManifest.xml:127:9-130:38
	android:process
		ADDED from src/main/AndroidManifest.xml:130:13-35
	android:exported
		ADDED from src/main/AndroidManifest.xml:129:13-36
	android:name
		ADDED from src/main/AndroidManifest.xml:128:13-57
receiver#io.rong.imlib.ConnectChangeReceiver
ADDED from src/main/AndroidManifest.xml:132:9-134:39
	android:exported
		ADDED from src/main/AndroidManifest.xml:134:13-36
	android:name
		ADDED from src/main/AndroidManifest.xml:133:13-63
receiver#io.rong.imlib.HeartbeatReceiver
ADDED from src/main/AndroidManifest.xml:136:9-138:38
	android:process
		ADDED from src/main/AndroidManifest.xml:138:13-35
	android:name
		ADDED from src/main/AndroidManifest.xml:137:13-59
service#io.rong.push.core.PushRegistrationService
ADDED from src/main/AndroidManifest.xml:145:9-148:72
	android:exported
		ADDED from src/main/AndroidManifest.xml:147:13-36
	android:permission
		ADDED from src/main/AndroidManifest.xml:148:13-69
	android:name
		ADDED from src/main/AndroidManifest.xml:146:13-69
service#io.rong.push.core.MessageHandleService
ADDED from src/main/AndroidManifest.xml:150:9-153:72
	android:exported
		ADDED from src/main/AndroidManifest.xml:152:13-36
	android:permission
		ADDED from src/main/AndroidManifest.xml:153:13-69
	android:name
		ADDED from src/main/AndroidManifest.xml:151:13-66
service#io.rong.push.PushService
ADDED from src/main/AndroidManifest.xml:156:9-160:46
	android:process
		ADDED from src/main/AndroidManifest.xml:160:13-43
	android:exported
		ADDED from src/main/AndroidManifest.xml:158:13-36
	android:permission
		ADDED from src/main/AndroidManifest.xml:159:13-69
	android:name
		ADDED from src/main/AndroidManifest.xml:157:13-52
receiver#io.rong.push.PushReceiver
ADDED from src/main/AndroidManifest.xml:163:9-178:20
	android:process
		ADDED from src/main/AndroidManifest.xml:165:13-43
	android:name
		ADDED from src/main/AndroidManifest.xml:164:13-53
intent-filter#android.net.conn.CONNECTIVITY_CHANGE+io.rong.push.intent.action.HEART_BEAT
ADDED from src/main/AndroidManifest.xml:167:13-170:29
action#io.rong.push.intent.action.HEART_BEAT
ADDED from src/main/AndroidManifest.xml:168:17-80
	android:name
		ADDED from src/main/AndroidManifest.xml:168:25-77
action#android.net.conn.CONNECTIVITY_CHANGE
ADDED from src/main/AndroidManifest.xml:169:17-79
	android:name
		ADDED from src/main/AndroidManifest.xml:169:25-76
intent-filter#android.intent.action.ACTION_POWER_CONNECTED+android.intent.action.ACTION_POWER_DISCONNECTED+android.intent.action.USER_PRESENT
ADDED from src/main/AndroidManifest.xml:173:13-177:29
action#android.intent.action.USER_PRESENT
ADDED from src/main/AndroidManifest.xml:174:17-77
	android:name
		ADDED from src/main/AndroidManifest.xml:174:25-74
action#android.intent.action.ACTION_POWER_CONNECTED
ADDED from src/main/AndroidManifest.xml:175:17-87
	android:name
		ADDED from src/main/AndroidManifest.xml:175:25-84
action#android.intent.action.ACTION_POWER_DISCONNECTED
ADDED from src/main/AndroidManifest.xml:176:17-90
	android:name
		ADDED from src/main/AndroidManifest.xml:176:25-87
uses-sdk
INJECTED from src/main/AndroidManifest.xml reason: use-sdk injection requested
INJECTED from src/main/AndroidManifest.xml
INJECTED from src/main/AndroidManifest.xml
INJECTED from src/main/AndroidManifest.xml
INJECTED from src/main/AndroidManifest.xml
	android:targetSdkVersion
		INJECTED from src/main/AndroidManifest.xml
		ADDED from src/main/AndroidManifest.xml
		INJECTED from src/main/AndroidManifest.xml
	android:minSdkVersion
		INJECTED from src/main/AndroidManifest.xml
		ADDED from src/main/AndroidManifest.xml
		INJECTED from src/main/AndroidManifest.xml